
Note: Compatibility modes selected: hs a

Warning: m=xx on .subckt line will override multiplier m hierarchy!


Circuit: ** sch_path: /home/juandsr/projects/day1/xschem/inv_2_tb.sch

option SCALE: Scale is set to 1e-06 for instance and model parameters
binary raw file "/home/juandsr/PROJECTS/DAY1/xschem/INV_2_TB.raw"
Doing analysis at TEMP = 27.000000 and TNOM = 27.000000

No. of Data Columns : 47  

Initial Transient Solution
--------------------------

Node                                   Voltage
----                                   -------
net2                                       1.8
vin                                          0
net1                                       1.8
net3                               3.08156e-07
net4                                       1.8
net5                               3.08156e-07
net6                                       1.8
vout                               3.08156e-07
v2#branch                         -1.52804e-08
vin#branch                                   0


No. of Data Rows : 500068

Total analysis time (seconds) = 10.403

Total elapsed time (seconds) = 18.947 

Total DRAM available = 15398.449 MB.
DRAM currently available = 7973.105 MB.
Maximum ngspice program size =  681.957 MB.
Current ngspice program size =  666.227 MB.

Shared ngspice pages =   10.707 MB.
Text (code) pages =    5.453 MB.
Stack = 0 bytes.
Library pages =  663.633 MB.

